<?xml version="1.0" encoding="UTF-8"?>
<testng-results skipped="0" failed="0" total="1" passed="1">
  <reporter-output>
  </reporter-output>
  <suite name="Default suite" duration-ms="491" started-at="2019-01-07T20:06:11Z" finished-at="2019-01-07T20:06:12Z">
    <groups>
    </groups>
    <test name="Default test" duration-ms="491" started-at="2019-01-07T20:06:11Z" finished-at="2019-01-07T20:06:12Z">
      <class name="com.xavient.chatbot.e2etests.LoginE2ETest">
        <test-method status="PASS" signature="login()[pri:0, instance:com.xavient.chatbot.e2etests.LoginE2ETest@3336e6b6]" name="login" duration-ms="476" started-at="2019-01-07T15:06:11Z" finished-at="2019-01-07T15:06:12Z">
          <reporter-output>
          </reporter-output>
        </test-method> <!-- login -->
      </class> <!-- com.xavient.chatbot.e2etests.LoginE2ETest -->
    </test> <!-- Default test -->
  </suite> <!-- Default suite -->
</testng-results>
